<?xml version="1.0" encoding="UTF-8"?>
<!-- Generated by org.testng.reporters.JUnitReportReporter -->
<testsuite hostname="LAPTOP-R3SUFVC3" failures="0" tests="3" name="testNG3.Sample1" time="0.017" errors="0" timestamp="2022-08-28T07:09:08 PDT" skipped="0">
  <testcase classname="testNG3.Sample1" name="TC1" time="0.015"/>
  <system-out>
    <![CDATA[--running TC1--]]>
  </system-out>
  <testcase classname="testNG3.Sample1" name="TC3" time="0.001"/>
  <system-out>
    <![CDATA[--running TC3--]]>
  </system-out>
  <testcase classname="testNG3.Sample1" name="TC2" time="0.001"/>
  <system-out>
    <![CDATA[--running TC2--]]>
  </system-out>
</testsuite> <!-- testNG3.Sample1 -->
