<?xml version="1.0" encoding="UTF-8"?>
<!-- Generated by org.testng.reporters.JUnitReportReporter -->
<testsuite hostname="LAPTOP-R3SUFVC3" failures="0" tests="3" name="testNG2.Sample1_for_suit" time="0.017" errors="0" timestamp="2022-08-07T00:12:06 PDT" skipped="0">
  <testcase classname="testNG2.Sample1_for_suit" name="TC1" time="0.017"/>
  <system-out>
    <![CDATA[Running of test case 1]]>
  </system-out>
  <testcase classname="testNG2.Sample1_for_suit" name="TC2" time="0.000"/>
  <system-out>
    <![CDATA[Running of test case 2]]>
  </system-out>
  <testcase classname="testNG2.Sample1_for_suit" name="TC3" time="0.000"/>
  <system-out>
    <![CDATA[Running of test case 3]]>
  </system-out>
</testsuite> <!-- testNG2.Sample1_for_suit -->
