<?xml version="1.0" encoding="UTF-8"?>
<!-- Generated by org.testng.reporters.JUnitReportReporter -->
<testsuite hostname="LAPTOP-R3SUFVC3" failures="0" tests="1" name="testNG.Example2_TestNGTestClass" time="10.220" errors="0" timestamp="2022-08-07T00:04:07 PDT" skipped="0">
  <testcase classname="testNG.Example2_TestNGTestClass" name="openBrowser" time="10.220"/>
  <system-out/>
</testsuite> <!-- testNG.Example2_TestNGTestClass -->
