<?xml version="1.0" encoding="UTF-8"?>
<!-- Generated by org.testng.reporters.JUnitReportReporter -->
<testsuite hostname="LAPTOP-R3SUFVC3" failures="0" tests="2" name="testNG3.DisableTCExecutionFromTestSuite1" time="0.010" errors="0" timestamp="2022-08-28T07:31:49 PDT" skipped="0">
  <testcase classname="testNG3.DisableTCExecutionFromTestSuite1" name="TC1" time="0.009"/>
  <system-out>
    <![CDATA[--running TC1--]]>
  </system-out>
  <testcase classname="testNG3.DisableTCExecutionFromTestSuite1" name="TC2" time="0.001"/>
  <system-out>
    <![CDATA[--running TC2--]]>
  </system-out>
</testsuite> <!-- testNG3.DisableTCExecutionFromTestSuite1 -->
