<?xml version="1.0" encoding="UTF-8"?>
<!-- Generated by org.testng.reporters.JUnitReportReporter -->
<testsuite hostname="LAPTOP-R3SUFVC3" failures="0" tests="1" name="testNG3.example11_Parallel12" time="7.523" errors="0" timestamp="2022-08-28T09:01:10 PDT" skipped="0">
  <testcase classname="testNG3.example11_Parallel12" name="openchromebrowser" time="7.523"/>
  <system-out/>
</testsuite> <!-- testNG3.example11_Parallel12 -->
