<?xml version="1.0" encoding="UTF-8"?>
<!-- Generated by org.testng.reporters.JUnitReportReporter -->
<testsuite hostname="LAPTOP-R3SUFVC3" failures="0" tests="3" name="testNG.example3_EmailableReport" time="0.022" errors="0" timestamp="2022-07-16T21:04:41 PDT" skipped="0">
  <testcase classname="testNG.example3_EmailableReport" name="TC1" time="0.019"/>
  <system-out>
    <![CDATA[Running of TC1]]>
  </system-out>
  <testcase classname="testNG.example3_EmailableReport" name="TC3" time="0.001"/>
  <system-out/>
  <testcase classname="testNG.example3_EmailableReport" name="TC2" time="0.002"/>
  <system-out/>
</testsuite> <!-- testNG.example3_EmailableReport -->
