<?xml version="1.0" encoding="UTF-8"?>
<!-- Generated by org.testng.reporters.JUnitReportReporter -->
<testsuite hostname="LAPTOP-R3SUFVC3" failures="0" tests="1" name="POM_DDF_TestNG.POM_loginpage_TestNG" time="12.520" errors="0" timestamp="2022-08-28T10:24:39 PDT" skipped="0">
  <testcase classname="POM_DDF_TestNG.POM_loginpage_TestNG" name="verifyuserID" time="12.520"/>
  <system-out/>
</testsuite> <!-- POM_DDF_TestNG.POM_loginpage_TestNG -->
