<?xml version="1.0" encoding="UTF-8"?>
<!-- Generated by org.testng.reporters.JUnitReportReporter -->
<testsuite hostname="LAPTOP-R3SUFVC3" failures="0" tests="2" name="testNG.Example4_Annotations" time="0.012" errors="0" timestamp="2022-07-17T20:54:43 PDT" skipped="0">
  <testcase classname="testNG.Example4_Annotations" name="TC2" time="0.004"/>
  <system-out>
    <![CDATA[Running of testcase]]>
  </system-out>
  <testcase classname="testNG.Example4_Annotations" name="TC1" time="0.008"/>
  <system-out>
    <![CDATA[Running of testcase]]>
  </system-out>
</testsuite> <!-- testNG.Example4_Annotations -->
