<?xml version="1.0" encoding="UTF-8"?>
<!-- Generated by org.testng.reporters.JUnitReportReporter -->
<testsuite hostname="LAPTOP-R3SUFVC3" failures="0" tests="3" name="testNG3.example9_DisableTCExecutionFromTestClass" time="0.017" errors="0" timestamp="2022-07-20T22:21:48 PDT" skipped="0">
  <testcase classname="testNG3.example9_DisableTCExecutionFromTestClass" name="TC1" time="0.013"/>
  <system-out>
    <![CDATA[--Running TC1]]>
  </system-out>
  <testcase classname="testNG3.example9_DisableTCExecutionFromTestClass" name="TC3" time="0.002"/>
  <system-out>
    <![CDATA[--Running TC3--]]>
  </system-out>
  <testcase classname="testNG3.example9_DisableTCExecutionFromTestClass" name="TC2" time="0.002"/>
  <system-out>
    <![CDATA[--Running TC2--]]>
  </system-out>
</testsuite> <!-- testNG3.example9_DisableTCExecutionFromTestClass -->
