<?xml version="1.0" encoding="UTF-8"?>
<!-- Generated by org.testng.reporters.JUnitReportReporter -->
<testsuite hostname="LAPTOP-R3SUFVC3" failures="0" tests="1" name="testNG3.DisableTCExecutionFromTestSuite2" time="0.001" errors="0" timestamp="2022-08-28T07:31:49 PDT" skipped="0">
  <testcase classname="testNG3.DisableTCExecutionFromTestSuite2" name="TC4" time="0.001"/>
  <system-out>
    <![CDATA[--running TC4--]]>
  </system-out>
</testsuite> <!-- testNG3.DisableTCExecutionFromTestSuite2 -->
