<?xml version="1.0" encoding="UTF-8"?>
<!-- Generated by org.testng.reporters.JUnitReportReporter -->
<testsuite hostname="LAPTOP-R3SUFVC3" failures="0" tests="4" name="testNG.Example8_duplicate_Priority" time="0.017" errors="0" timestamp="2022-07-17T21:28:10 PDT" skipped="0">
  <testcase classname="testNG.Example8_duplicate_Priority" name="TC3" time="0.013"/>
  <system-out>
    <![CDATA[--running TC3--]]>
  </system-out>
  <testcase classname="testNG.Example8_duplicate_Priority" name="TC4" time="0.002"/>
  <system-out>
    <![CDATA[--running TC4--]]>
  </system-out>
  <testcase classname="testNG.Example8_duplicate_Priority" name="TC1" time="0.001"/>
  <system-out>
    <![CDATA[--running TC1--]]>
  </system-out>
  <testcase classname="testNG.Example8_duplicate_Priority" name="TC2" time="0.001"/>
  <system-out>
    <![CDATA[--running TC2--]]>
  </system-out>
</testsuite> <!-- testNG.Example8_duplicate_Priority -->
