<?xml version="1.0" encoding="UTF-8"?>
<!-- Generated by org.testng.reporters.JUnitReportReporter -->
<testsuite hostname="LAPTOP-R3SUFVC3" failures="0" tests="1" name="testNG3.exampe11_Parallel11" time="13.168" errors="0" timestamp="2022-08-28T09:01:10 PDT" skipped="0">
  <testcase classname="testNG3.exampe11_Parallel11" name="openfacebookapp" time="13.168"/>
  <system-out/>
</testsuite> <!-- testNG3.exampe11_Parallel11 -->
