<?xml version="1.0" encoding="UTF-8"?>
<!-- Generated by org.testng.reporters.JUnitReportReporter -->
<testsuite hostname="LAPTOP-R3SUFVC3" failures="0" tests="3" name="testNG.Example7_enable" time="0.008" errors="0" timestamp="2022-07-17T21:25:47 PDT" skipped="1">
  <testcase classname="testNG.Example7_enable" name="TC1" time="0.007"/>
  <system-out>
    <![CDATA[--running TC1--]]>
  </system-out>
  <testcase classname="testNG.Example7_enable" name="TC3" time="0.001"/>
  <system-out>
    <![CDATA[--running TC3--]]>
  </system-out>
  <testcase classname="testNG.Example7_enable" name="TC2">
    <skipped/>
  </testcase> <!-- TC2 -->
  <system-out/>
</testsuite> <!-- testNG.Example7_enable -->
