<?xml version="1.0" encoding="UTF-8"?>
<!-- Generated by org.testng.reporters.JUnitReportReporter -->
<testsuite hostname="LAPTOP-R3SUFVC3" failures="0" tests="3" name="testNG.Example6_Priority" time="0.016" errors="0" timestamp="2022-07-17T21:09:49 PDT" skipped="0">
  <testcase classname="testNG.Example6_Priority" name="TC3" time="0.008"/>
  <system-out>
    <![CDATA[--Running Test Case3--]]>
  </system-out>
  <testcase classname="testNG.Example6_Priority" name="TC2" time="0.002"/>
  <system-out>
    <![CDATA[--Running Test Case2--]]>
  </system-out>
  <testcase classname="testNG.Example6_Priority" name="TC1" time="0.006"/>
  <system-out>
    <![CDATA[--Running Test Case1--]]>
  </system-out>
</testsuite> <!-- testNG.Example6_Priority -->
