<?xml version="1.0" encoding="UTF-8"?>
<!-- Generated by org.testng.reporters.JUnitReportReporter -->
<testsuite hostname="LAPTOP-R3SUFVC3" failures="0" tests="3" name="testNG.Example10_DependsOnMethods" time="0.013" errors="0" timestamp="2022-07-17T21:38:29 PDT" skipped="0">
  <testcase classname="testNG.Example10_DependsOnMethods" name="Login" time="0.004"/>
  <system-out>
    <![CDATA[--Login Page---]]>
  </system-out>
  <testcase classname="testNG.Example10_DependsOnMethods" name="Password" time="0.008"/>
  <system-out>
    <![CDATA[--Enter Password--]]>
  </system-out>
  <testcase classname="testNG.Example10_DependsOnMethods" name="Username" time="0.001"/>
  <system-out>
    <![CDATA[--Enter Username--]]>
  </system-out>
</testsuite> <!-- testNG.Example10_DependsOnMethods -->
