<?xml version="1.0" encoding="UTF-8"?>
<!-- Generated by org.testng.reporters.JUnitReportReporter -->
<testsuite hostname="LAPTOP-R3SUFVC3" failures="0" tests="5" name="testNG.Example5_Invocation" time="0.021" errors="0" timestamp="2022-07-17T21:04:13 PDT" skipped="0">
  <testcase classname="testNG.Example5_Invocation" name="TC3" time="0.002"/>
  <system-out>
    <![CDATA[--running test case--]]>
  </system-out>
  <testcase classname="testNG.Example5_Invocation" name="TC3" time="0.001"/>
  <system-out>
    <![CDATA[--running test case--]]>
  </system-out>
  <testcase classname="testNG.Example5_Invocation" name="TC3" time="0.013"/>
  <system-out>
    <![CDATA[--running test case--]]>
  </system-out>
  <testcase classname="testNG.Example5_Invocation" name="TC3" time="0.002"/>
  <system-out>
    <![CDATA[--running test case--]]>
  </system-out>
  <testcase classname="testNG.Example5_Invocation" name="TC3" time="0.003"/>
  <system-out>
    <![CDATA[--running test case--]]>
  </system-out>
</testsuite> <!-- testNG.Example5_Invocation -->
