<?xml version="1.0" encoding="UTF-8"?>
<!-- Generated by org.testng.reporters.JUnitReportReporter -->
<testsuite hostname="LAPTOP-R3SUFVC3" failures="0" tests="3" name="testNG3.Enable_false_DisableTCExecutionFromTestClass" time="0.035" errors="0" timestamp="2022-07-20T22:23:56 PDT" skipped="1">
  <testcase classname="testNG3.Enable_false_DisableTCExecutionFromTestClass" name="TC1" time="0.033"/>
  <system-out>
    <![CDATA[--Running TC1]]>
  </system-out>
  <testcase classname="testNG3.Enable_false_DisableTCExecutionFromTestClass" name="TC3" time="0.002"/>
  <system-out>
    <![CDATA[--Running TC3--]]>
  </system-out>
  <testcase classname="testNG3.Enable_false_DisableTCExecutionFromTestClass" name="TC2">
    <skipped/>
  </testcase> <!-- TC2 -->
  <system-out/>
</testsuite> <!-- testNG3.Enable_false_DisableTCExecutionFromTestClass -->
