<?xml version="1.0" encoding="UTF-8"?>
<!-- Generated by org.testng.reporters.JUnitReportReporter -->
<testsuite hostname="LAPTOP-R3SUFVC3" failures="0" tests="3" name="testNG3.example10_groupling1" time="0.011" errors="0" timestamp="2022-08-28T07:43:13 PDT" skipped="0">
  <testcase classname="testNG3.example10_groupling1" name="TC1" time="0.008"/>
  <system-out>
    <![CDATA[--Running of TC1--]]>
  </system-out>
  <testcase classname="testNG3.example10_groupling1" name="TC2" time="0.001"/>
  <system-out>
    <![CDATA[--Running of TC2--]]>
  </system-out>
  <testcase classname="testNG3.example10_groupling1" name="TC5" time="0.002"/>
  <system-out>
    <![CDATA[--Running of TC5 --]]>
  </system-out>
</testsuite> <!-- testNG3.example10_groupling1 -->
