<?xml version="1.0" encoding="UTF-8"?>
<!-- Generated by org.testng.reporters.JUnitReportReporter -->
<testsuite hostname="LAPTOP-R3SUFVC3" failures="0" tests="2" name="testNG2.Sample2_for_suit" time="0.009" errors="0" timestamp="2022-08-28T07:23:30 PDT" skipped="0">
  <testcase classname="testNG2.Sample2_for_suit" name="TC4" time="0.008"/>
  <system-out>
    <![CDATA[Running of test case 4]]>
  </system-out>
  <testcase classname="testNG2.Sample2_for_suit" name="TC5" time="0.001"/>
  <system-out>
    <![CDATA[Running of test case 5]]>
  </system-out>
</testsuite> <!-- testNG2.Sample2_for_suit -->
